(source [0, 0] - [62, 0]
  (parse_token [3, 26] - [3, 29]
    (inline_parse [3, 26] - [3, 29]
      (explicit_inline_parse [3, 26] - [3, 29]
        (expression [3, 27] - [3, 28]
          (identifier [3, 27] - [3, 28])))))
  (parse_token [4, 25] - [6, 1]
    (block_parse [4, 25] - [6, 1]
      (explicit_block_parse [4, 25] - [6, 1]
        (expression [5, 2] - [5, 3]
          (identifier [5, 2] - [5, 3])))))
  (latex_math [9, 39] - [9, 44]
    (inline_latex_math [9, 39] - [9, 44]))
  (latex_math [10, 31] - [10, 37]
    (block_latex_math [10, 31] - [10, 37]))
  (markdown_token [14, 8] - [14, 16]
    (plain_text_inline [14, 9] - [14, 15]))
  (markdown_token [14, 18] - [14, 26]
    (plain_text_inline [14, 20] - [14, 24]))
  (markdown_token [14, 28] - [14, 44]
    (plain_text_inline [14, 31] - [14, 41]))
  (markdown_token [14, 46] - [14, 63]
    (plain_text_inline [14, 48] - [14, 61]))
  (markdown_token [14, 65] - [14, 75])
  (markdown_token [15, 0] - [15, 26])
  (markdown_token [25, 11] - [25, 14])
  (markdown_token [25, 16] - [25, 19])
  (markdown_token [25, 47] - [25, 51])
  (parse_token [29, 14] - [29, 20]
    (inline_parse [29, 14] - [29, 20]
      (explicit_inline_parse [29, 14] - [29, 20]
        (expression [29, 15] - [29, 19]
          (call [29, 15] - [29, 19]
            (expression [29, 15] - [29, 16]
              (identifier [29, 15] - [29, 16]))
            (expression [29, 17] - [29, 18]
              (identifier [29, 17] - [29, 18])))))))
  (parse_token [29, 22] - [29, 28]
    (inline_parse [29, 22] - [29, 28]
      (explicit_inline_parse [29, 22] - [29, 28]
        (expression [29, 23] - [29, 27]
          (call [29, 23] - [29, 27]
            (expression [29, 23] - [29, 24]
              (identifier [29, 23] - [29, 24]))
            (expression [29, 25] - [29, 26]
              (identifier [29, 25] - [29, 26])))))))
  (parse_token [29, 32] - [29, 38]
    (inline_parse [29, 32] - [29, 38]
      (explicit_inline_parse [29, 32] - [29, 38]
        (expression [29, 33] - [29, 37]
          (call [29, 33] - [29, 37]
            (expression [29, 33] - [29, 34]
              (identifier [29, 33] - [29, 34]))
            (expression [29, 35] - [29, 36]
              (identifier [29, 35] - [29, 36])))))))
  (parse_token [31, 8] - [31, 14]
    (inline_parse [31, 8] - [31, 14]
      (explicit_inline_parse [31, 8] - [31, 14]
        (expression [31, 9] - [31, 13]
          (container [31, 9] - [31, 13]
            (comma_separated_expressions [31, 10] - [31, 12]
              (expression [31, 10] - [31, 11]
                (identifier [31, 10] - [31, 11]))
              (wcomma [31, 11] - [31, 12])))))))
  (parse_token [31, 16] - [31, 24]
    (inline_parse [31, 16] - [31, 24]
      (explicit_inline_parse [31, 16] - [31, 24]
        (expression [31, 17] - [31, 23]
          (container [31, 17] - [31, 23]
            (comma_separated_expressions [31, 18] - [31, 22]
              (expression [31, 18] - [31, 19]
                (identifier [31, 18] - [31, 19]))
              (wcommaw [31, 19] - [31, 20])
              (expression [31, 20] - [31, 21]
                (identifier [31, 20] - [31, 21]))
              (wcomma [31, 21] - [31, 22])))))))
  (parse_token [31, 26] - [31, 35]
    (inline_parse [31, 26] - [31, 35]
      (explicit_inline_parse [31, 26] - [31, 35]
        (expression [31, 27] - [31, 34]
          (container [31, 27] - [31, 34]
            (comma_separated_expressions [31, 28] - [31, 33]
              (expression [31, 28] - [31, 29]
                (identifier [31, 28] - [31, 29]))
              (wcommaw [31, 29] - [31, 30])
              (expression [31, 30] - [31, 31]
                (identifier [31, 30] - [31, 31]))
              (wcommaw [31, 31] - [31, 32])
              (expression [31, 32] - [31, 33]
                (identifier [31, 32] - [31, 33]))))))))
  (code [33, 0] - [62, 0]
    (fence [33, 0] - [34, 0])
    (fence [61, 0] - [62, 0])))
