(source [0, 0] - [84, 0]
  (text_token [0, 0] - [3, 2])
  (parse_token [3, 2] - [3, 10]
    (inline_parse_token [3, 2] - [3, 10]
      expression: (operation [3, 3] - [3, 9]
        (binary_operation [3, 3] - [3, 9]
          (identifier [3, 3] - [3, 5])
          (binary_operator [3, 6] - [3, 7])
          (literal [3, 8] - [3, 9])))))
  (text_token [3, 10] - [4, 2])
  (parse_token [4, 2] - [4, 5]
    (inline_parse_token [4, 2] - [4, 5]
      expression: (identifier [4, 3] - [4, 4])))
  (text_token [4, 5] - [5, 8])
  (parse_token [5, 8] - [5, 13]
    (inline_parse_token [5, 8] - [5, 13]
      expression: (identifier [5, 9] - [5, 12])))
  (text_token [5, 13] - [6, 4])
  (parse_token [6, 4] - [6, 15]
    (inline_parse_token [6, 4] - [6, 15]
      expression: (operation [6, 5] - [6, 14]
        (binary_operation [6, 5] - [6, 14]
          (call [6, 5] - [6, 9]
            (identifier [6, 5] - [6, 6])
            (comma_separated_expressions [6, 7] - [6, 8]
              (identifier [6, 7] - [6, 8])))
          (binary_operator [6, 10] - [6, 11])
          (identifier [6, 12] - [6, 14])))))
  (text_token [6, 15] - [7, 4])
  (parse_token [7, 4] - [7, 31]
    (inline_parse_token [7, 4] - [7, 31]
      expression: (call [7, 5] - [7, 30]
        (operation [7, 5] - [7, 21]
          (binary_operation [7, 5] - [7, 21]
            (call [7, 5] - [7, 17]
              (identifier [7, 5] - [7, 8])
              (comma_separated_expressions [7, 9] - [7, 16]
                (operation [7, 9] - [7, 16]
                  (binary_operation [7, 9] - [7, 16]
                    (identifier [7, 9] - [7, 11])
                    (binary_operator [7, 12] - [7, 13])
                    (identifier [7, 14] - [7, 16])))))
            (binary_operator [7, 17] - [7, 18])
            (identifier [7, 18] - [7, 21])))
        (comma_separated_expressions [7, 22] - [7, 29]
          (operation [7, 22] - [7, 29]
            (binary_operation [7, 22] - [7, 29]
              (identifier [7, 22] - [7, 24])
              (binary_operator [7, 25] - [7, 26])
              (identifier [7, 27] - [7, 29])))))))
  (text_token [7, 31] - [8, 5])
  (parse_token [8, 5] - [10, 1]
    (block_parse_token [8, 5] - [10, 1]
      expression: (call [9, 2] - [9, 31]
        (operation [9, 2] - [9, 18]
          (binary_operation [9, 2] - [9, 18]
            (call [9, 2] - [9, 14]
              (identifier [9, 2] - [9, 10])
              (comma_separated_expressions [9, 11] - [9, 13]
                (identifier [9, 11] - [9, 13])))
            (binary_operator [9, 15] - [9, 16])
            (identifier [9, 17] - [9, 18])))
        (comma_separated_expressions [9, 19] - [9, 30]
          (call [9, 19] - [9, 30]
            (identifier [9, 19] - [9, 27])
            (comma_separated_expressions [9, 28] - [9, 29]
              (identifier [9, 28] - [9, 29])))))
      (punctuation [9, 31] - [9, 32])))
  (text_token [10, 1] - [14, 33])
  (parse_token [14, 33] - [16, 1]
    (block_parse_token [14, 33] - [16, 1]
      expression: (operation [15, 2] - [15, 37]
        (binary_operation [15, 2] - [15, 37]
          (operation [15, 2] - [15, 25]
            (binary_operation [15, 2] - [15, 25]
              (call [15, 2] - [15, 21]
                (operation [15, 2] - [15, 18]
                  (binary_operation [15, 2] - [15, 18]
                    (call [15, 2] - [15, 6]
                      (identifier [15, 2] - [15, 3])
                      (comma_separated_expressions [15, 4] - [15, 5]
                        (identifier [15, 4] - [15, 5])))
                    (binary_operator [15, 7] - [15, 9])
                    (identifier [15, 10] - [15, 18])))
                (comma_separated_expressions [15, 19] - [15, 20]
                  (identifier [15, 19] - [15, 20])))
              (binary_operator [15, 22] - [15, 23])
              (literal [15, 24] - [15, 25])))
          (binary_operator [15, 25] - [15, 26])
          (parenthesised_expression [15, 26] - [15, 37]
            (call [15, 27] - [15, 36]
              (operation [15, 27] - [15, 32]
                (binary_operation [15, 27] - [15, 32]
                  (literal [15, 27] - [15, 28])
                  (binary_operator [15, 28] - [15, 29])
                  (identifier [15, 29] - [15, 32])))
              (comma_separated_expressions [15, 33] - [15, 35]
                (operation [15, 33] - [15, 35]
                  (unary_operation [15, 33] - [15, 35]
                    (unary_operator [15, 33] - [15, 34])
                    (identifier [15, 34] - [15, 35]))))))))
      (punctuation [15, 37] - [15, 38])))
  (text_token [16, 1] - [16, 54])
  (parse_token [16, 54] - [18, 1]
    (block_parse_token [16, 54] - [18, 1]
      expression: (call [17, 2] - [17, 60]
        (operation [17, 2] - [17, 20]
          (binary_operation [17, 2] - [17, 20]
            (call [17, 2] - [17, 9]
              (identifier [17, 2] - [17, 3])
              (comma_separated_expressions [17, 4] - [17, 8]
                (call [17, 4] - [17, 8]
                  (identifier [17, 4] - [17, 5])
                  (comma_separated_expressions [17, 6] - [17, 7]
                    (identifier [17, 6] - [17, 7])))))
            (binary_operator [17, 10] - [17, 11])
            (identifier [17, 12] - [17, 20])))
        (comma_separated_expressions [17, 21] - [17, 59]
          (call [17, 21] - [17, 32]
            (operation [17, 21] - [17, 29]
              (binary_operation [17, 21] - [17, 29]
                (call [17, 21] - [17, 25]
                  (identifier [17, 21] - [17, 22])
                  (comma_separated_expressions [17, 23] - [17, 24]
                    (identifier [17, 23] - [17, 24])))
                (binary_operator [17, 25] - [17, 26])
                (identifier [17, 26] - [17, 29])))
            (comma_separated_expressions [17, 30] - [17, 31]
              (identifier [17, 30] - [17, 31])))
          (identifier [17, 34] - [17, 35])
          (container [17, 37] - [17, 59]
            (tuple [17, 37] - [17, 59]
              (operation [17, 38] - [17, 47]
                (unary_operation [17, 38] - [17, 47]
                  (unary_operator [17, 38] - [17, 39])
                  (identifier [17, 39] - [17, 47])))
              (operation [17, 49] - [17, 58]
                (unary_operation [17, 49] - [17, 58]
                  (unary_operator [17, 49] - [17, 50])
                  (identifier [17, 50] - [17, 58])))))))
      (punctuation [17, 60] - [17, 61])))
  (text_token [18, 1] - [18, 38])
  (parse_token [18, 38] - [20, 1]
    (block_parse_token [18, 38] - [20, 1]
      expression: (call [19, 2] - [19, 66]
        (operation [19, 2] - [19, 20]
          (binary_operation [19, 2] - [19, 20]
            (call [19, 2] - [19, 9]
              (identifier [19, 2] - [19, 3])
              (comma_separated_expressions [19, 4] - [19, 8]
                (call [19, 4] - [19, 8]
                  (identifier [19, 4] - [19, 5])
                  (comma_separated_expressions [19, 6] - [19, 7]
                    (identifier [19, 6] - [19, 7])))))
            (binary_operator [19, 10] - [19, 11])
            (identifier [19, 12] - [19, 20])))
        (comma_separated_expressions [19, 21] - [19, 65]
          (call [19, 21] - [19, 38]
            (operation [19, 21] - [19, 32]
              (binary_operation [19, 21] - [19, 32]
                (call [19, 21] - [19, 28]
                  (identifier [19, 21] - [19, 22])
                  (comma_separated_expressions [19, 23] - [19, 27]
                    (operation [19, 23] - [19, 27]
                      (binary_operation [19, 23] - [19, 27]
                        (identifier [19, 23] - [19, 25])
                        (binary_operator [19, 25] - [19, 26])
                        (identifier [19, 26] - [19, 27])))))
                (binary_operator [19, 28] - [19, 29])
                (identifier [19, 29] - [19, 32])))
            (comma_separated_expressions [19, 33] - [19, 37]
              (operation [19, 33] - [19, 37]
                (binary_operation [19, 33] - [19, 37]
                  (identifier [19, 33] - [19, 35])
                  (binary_operator [19, 35] - [19, 36])
                  (identifier [19, 36] - [19, 37])))))
          (identifier [19, 40] - [19, 41])
          (container [19, 43] - [19, 65]
            (tuple [19, 43] - [19, 65]
              (operation [19, 44] - [19, 53]
                (unary_operation [19, 44] - [19, 53]
                  (unary_operator [19, 44] - [19, 45])
                  (identifier [19, 45] - [19, 53])))
              (operation [19, 55] - [19, 64]
                (unary_operation [19, 55] - [19, 64]
                  (unary_operator [19, 55] - [19, 56])
                  (identifier [19, 56] - [19, 64])))))))))
  (text_token [20, 1] - [20, 43])
  (parse_token [20, 43] - [22, 1]
    (block_parse_token [20, 43] - [22, 1]
      expression: (call [21, 2] - [21, 68]
        (operation [21, 2] - [21, 20]
          (binary_operation [21, 2] - [21, 20]
            (call [21, 2] - [21, 9]
              (identifier [21, 2] - [21, 3])
              (comma_separated_expressions [21, 4] - [21, 8]
                (call [21, 4] - [21, 8]
                  (identifier [21, 4] - [21, 5])
                  (comma_separated_expressions [21, 6] - [21, 7]
                    (identifier [21, 6] - [21, 7])))))
            (binary_operator [21, 10] - [21, 11])
            (identifier [21, 12] - [21, 20])))
        (comma_separated_expressions [21, 21] - [21, 67]
          (call [21, 21] - [21, 48]
            (operation [21, 21] - [21, 42]
              (binary_operation [21, 21] - [21, 42]
                (parenthesised_expression [21, 21] - [21, 38]
                  (call [21, 22] - [21, 37]
                    (operation [21, 22] - [21, 31]
                      (binary_operation [21, 22] - [21, 31]
                        (call [21, 22] - [21, 29]
                          (identifier [21, 22] - [21, 23])
                          (comma_separated_expressions [21, 24] - [21, 28]
                            (operation [21, 24] - [21, 28]
                              (binary_operation [21, 24] - [21, 28]
                                (identifier [21, 24] - [21, 26])
                                (binary_operator [21, 26] - [21, 27])
                                (identifier [21, 27] - [21, 28])))))
                        (binary_operator [21, 29] - [21, 30])
                        (identifier [21, 30] - [21, 31])))
                    (comma_separated_expressions [21, 32] - [21, 36]
                      (operation [21, 32] - [21, 36]
                        (binary_operation [21, 32] - [21, 36]
                          (identifier [21, 32] - [21, 34])
                          (binary_operator [21, 34] - [21, 35])
                          (identifier [21, 35] - [21, 36]))))))
                (binary_operator [21, 38] - [21, 39])
                (identifier [21, 39] - [21, 42])))
            (comma_separated_expressions [21, 43] - [21, 47]
              (operation [21, 43] - [21, 47]
                (binary_operation [21, 43] - [21, 47]
                  (identifier [21, 43] - [21, 45])
                  (binary_operator [21, 45] - [21, 46])
                  (identifier [21, 46] - [21, 47])))))
          (identifier [21, 50] - [21, 51])
          (container [21, 53] - [21, 67]
            (tuple [21, 53] - [21, 67]
              (literal [21, 54] - [21, 55])
              (operation [21, 57] - [21, 66]
                (unary_operation [21, 57] - [21, 66]
                  (unary_operator [21, 57] - [21, 58])
                  (identifier [21, 58] - [21, 66])))))))))
  (text_token [22, 1] - [22, 32])
  (parse_token [22, 32] - [22, 37]
    (inline_parse_token [22, 32] - [22, 37]
      expression: (identifier [22, 33] - [22, 36])))
  (text_token [22, 37] - [22, 45])
  (parse_token [22, 45] - [22, 49]
    (inline_parse_token [22, 45] - [22, 49]
      expression: (identifier [22, 46] - [22, 48])))
  (text_token [22, 49] - [24, 13])
  (parse_token [24, 13] - [24, 30]
    (inline_parse_token [24, 13] - [24, 30]
      expression: (call [24, 14] - [24, 29]
        (operation [24, 14] - [24, 25]
          (binary_operation [24, 14] - [24, 25]
            (call [24, 14] - [24, 21]
              (identifier [24, 14] - [24, 15])
              (comma_separated_expressions [24, 16] - [24, 20]
                (call [24, 16] - [24, 20]
                  (identifier [24, 16] - [24, 17])
                  (comma_separated_expressions [24, 18] - [24, 19]
                    (identifier [24, 18] - [24, 19])))))
            (binary_operator [24, 22] - [24, 23])
            (identifier [24, 24] - [24, 25])))
        (comma_separated_expressions [24, 26] - [24, 28]
          (identifier [24, 26] - [24, 28])))))
  (text_token [24, 30] - [24, 60])
  (parse_token [24, 60] - [26, 1]
    (block_parse_token [24, 60] - [26, 1]
      expression: (call [25, 2] - [25, 27]
        (operation [25, 2] - [25, 23]
          (binary_operation [25, 2] - [25, 23]
            (operation [25, 2] - [25, 21]
              (binary_operation [25, 2] - [25, 21]
                (call [25, 2] - [25, 17]
                  (operation [25, 2] - [25, 11]
                    (binary_operation [25, 2] - [25, 11]
                      (call [25, 2] - [25, 9]
                        (identifier [25, 2] - [25, 3])
                        (comma_separated_expressions [25, 4] - [25, 8]
                          (operation [25, 4] - [25, 8]
                            (binary_operation [25, 4] - [25, 8]
                              (identifier [25, 4] - [25, 6])
                              (binary_operator [25, 6] - [25, 7])
                              (identifier [25, 7] - [25, 8])))))
                      (binary_operator [25, 9] - [25, 10])
                      (identifier [25, 10] - [25, 11])))
                  (comma_separated_expressions [25, 12] - [25, 16]
                    (operation [25, 12] - [25, 16]
                      (binary_operation [25, 12] - [25, 16]
                        (identifier [25, 12] - [25, 14])
                        (binary_operator [25, 14] - [25, 15])
                        (identifier [25, 15] - [25, 16])))))
                (binary_operator [25, 18] - [25, 19])
                (literal [25, 20] - [25, 21])))
            (binary_operator [25, 21] - [25, 22])
            (identifier [25, 22] - [25, 23])))
        (comma_separated_expressions [25, 24] - [25, 26]
          (identifier [25, 24] - [25, 26])))))
  (text_token [26, 1] - [26, 30])
  (parse_token [26, 30] - [26, 34]
    (inline_parse_token [26, 30] - [26, 34]
      expression: (identifier [26, 31] - [26, 33])))
  (text_token [26, 34] - [26, 48])
  (parse_token [26, 48] - [30, 1]
    (block_parse_token [26, 48] - [30, 1]
      expression: (call [27, 2] - [29, 11]
        (operation [27, 2] - [29, 7]
          (binary_operation [27, 2] - [29, 7]
            (call [27, 2] - [28, 109]
              (operation [27, 2] - [28, 71]
                (binary_operation [27, 2] - [28, 71]
                  (call [27, 2] - [28, 60]
                    (operation [27, 2] - [28, 12]
                      (binary_operation [27, 2] - [28, 12]
                        (call [27, 2] - [27, 9]
                          (identifier [27, 2] - [27, 3])
                          (comma_separated_expressions [27, 4] - [27, 8]
                            (call [27, 4] - [27, 8]
                              (identifier [27, 4] - [27, 5])
                              (comma_separated_expressions [27, 6] - [27, 7]
                                (identifier [27, 6] - [27, 7])))))
                        (binary_operator [27, 10] - [27, 11])
                        (identifier [28, 4] - [28, 12])))
                    (comma_separated_expressions [28, 13] - [28, 59]
                      (call [28, 13] - [28, 40]
                        (operation [28, 13] - [28, 34]
                          (binary_operation [28, 13] - [28, 34]
                            (parenthesised_expression [28, 13] - [28, 30]
                              (call [28, 14] - [28, 29]
                                (operation [28, 14] - [28, 23]
                                  (binary_operation [28, 14] - [28, 23]
                                    (call [28, 14] - [28, 21]
                                      (identifier [28, 14] - [28, 15])
                                      (comma_separated_expressions [28, 16] - [28, 20]
                                        (operation [28, 16] - [28, 20]
                                          (binary_operation [28, 16] - [28, 20]
                                            (identifier [28, 16] - [28, 18])
                                            (binary_operator [28, 18] - [28, 19])
                                            (identifier [28, 19] - [28, 20])))))
                                    (binary_operator [28, 21] - [28, 22])
                                    (identifier [28, 22] - [28, 23])))
                                (comma_separated_expressions [28, 24] - [28, 28]
                                  (operation [28, 24] - [28, 28]
                                    (binary_operation [28, 24] - [28, 28]
                                      (identifier [28, 24] - [28, 26])
                                      (binary_operator [28, 26] - [28, 27])
                                      (identifier [28, 27] - [28, 28]))))))
                            (binary_operator [28, 30] - [28, 31])
                            (identifier [28, 31] - [28, 34])))
                        (comma_separated_expressions [28, 35] - [28, 39]
                          (operation [28, 35] - [28, 39]
                            (binary_operation [28, 35] - [28, 39]
                              (identifier [28, 35] - [28, 37])
                              (binary_operator [28, 37] - [28, 38])
                              (identifier [28, 38] - [28, 39])))))
                      (identifier [28, 42] - [28, 43])
                      (container [28, 45] - [28, 59]
                        (tuple [28, 45] - [28, 59]
                          (literal [28, 46] - [28, 47])
                          (operation [28, 49] - [28, 58]
                            (unary_operation [28, 49] - [28, 58]
                              (unary_operator [28, 49] - [28, 50])
                              (identifier [28, 50] - [28, 58])))))))
                  (binary_operator [28, 61] - [28, 62])
                  (identifier [28, 63] - [28, 71])))
              (comma_separated_expressions [28, 72] - [28, 108]
                (call [28, 72] - [28, 89]
                  (operation [28, 72] - [28, 83]
                    (binary_operation [28, 72] - [28, 83]
                      (call [28, 72] - [28, 79]
                        (operation [28, 72] - [28, 75]
                          (binary_operation [28, 72] - [28, 75]
                            (literal [28, 72] - [28, 73])
                            (binary_operator [28, 73] - [28, 74])
                            (identifier [28, 74] - [28, 75])))
                        (comma_separated_expressions [28, 76] - [28, 78]
                          (identifier [28, 76] - [28, 78])))
                      (binary_operator [28, 79] - [28, 80])
                      (identifier [28, 80] - [28, 83])))
                  (comma_separated_expressions [28, 84] - [28, 88]
                    (operation [28, 84] - [28, 88]
                      (binary_operation [28, 84] - [28, 88]
                        (identifier [28, 84] - [28, 86])
                        (binary_operator [28, 86] - [28, 87])
                        (identifier [28, 87] - [28, 88])))))
                (identifier [28, 91] - [28, 92])
                (container [28, 94] - [28, 108]
                  (tuple [28, 94] - [28, 108]
                    (literal [28, 95] - [28, 96])
                    (operation [28, 98] - [28, 107]
                      (unary_operation [28, 98] - [28, 107]
                        (unary_operator [28, 98] - [28, 99])
                        (identifier [28, 99] - [28, 107])))))))
            (binary_operator [29, 4] - [29, 5])
            (identifier [29, 6] - [29, 7])))
        (comma_separated_expressions [29, 8] - [29, 10]
          (identifier [29, 8] - [29, 10])))
      (punctuation [29, 11] - [29, 12])))
  (text_token [30, 1] - [31, 17])
  (parse_token [31, 17] - [33, 1]
    (block_parse_token [31, 17] - [33, 1]
      expression: (call [32, 2] - [32, 31]
        (operation [32, 2] - [32, 27]
          (binary_operation [32, 2] - [32, 27]
            (operation [32, 2] - [32, 23]
              (binary_operation [32, 2] - [32, 23]
                (call [32, 2] - [32, 19]
                  (operation [32, 2] - [32, 13]
                    (binary_operation [32, 2] - [32, 13]
                      (call [32, 2] - [32, 9]
                        (identifier [32, 2] - [32, 3])
                        (comma_separated_expressions [32, 4] - [32, 8]
                          (operation [32, 4] - [32, 8]
                            (binary_operation [32, 4] - [32, 8]
                              (identifier [32, 4] - [32, 6])
                              (binary_operator [32, 6] - [32, 7])
                              (identifier [32, 7] - [32, 8])))))
                      (binary_operator [32, 10] - [32, 11])
                      (identifier [32, 12] - [32, 13])))
                  (comma_separated_expressions [32, 14] - [32, 18]
                    (operation [32, 14] - [32, 18]
                      (binary_operation [32, 14] - [32, 18]
                        (identifier [32, 14] - [32, 16])
                        (binary_operator [32, 16] - [32, 17])
                        (identifier [32, 17] - [32, 18])))))
                (binary_operator [32, 20] - [32, 21])
                (literal [32, 22] - [32, 23])))
            (binary_operator [32, 24] - [32, 25])
            (identifier [32, 26] - [32, 27])))
        (comma_separated_expressions [32, 28] - [32, 30]
          (identifier [32, 28] - [32, 30])))))
  (text_token [33, 1] - [34, 67])
  (parse_token [34, 67] - [36, 1]
    (block_parse_token [34, 67] - [36, 1]
      expression: (call [35, 2] - [35, 49]
        (operation [35, 2] - [35, 43]
          (binary_operation [35, 2] - [35, 43]
            (call [35, 2] - [35, 41]
              (operation [35, 2] - [35, 35]
                (binary_operation [35, 2] - [35, 35]
                  (call [35, 2] - [35, 31]
                    (operation [35, 2] - [35, 27]
                      (binary_operation [35, 2] - [35, 27]
                        (operation [35, 2] - [35, 23]
                          (binary_operation [35, 2] - [35, 23]
                            (call [35, 2] - [35, 19]
                              (operation [35, 2] - [35, 13]
                                (binary_operation [35, 2] - [35, 13]
                                  (call [35, 2] - [35, 9]
                                    (identifier [35, 2] - [35, 3])
                                    (comma_separated_expressions [35, 4] - [35, 8]
                                      (operation [35, 4] - [35, 8]
                                        (binary_operation [35, 4] - [35, 8]
                                          (identifier [35, 4] - [35, 6])
                                          (binary_operator [35, 6] - [35, 7])
                                          (identifier [35, 7] - [35, 8])))))
                                  (binary_operator [35, 10] - [35, 11])
                                  (identifier [35, 12] - [35, 13])))
                              (comma_separated_expressions [35, 14] - [35, 18]
                                (operation [35, 14] - [35, 18]
                                  (binary_operation [35, 14] - [35, 18]
                                    (identifier [35, 14] - [35, 16])
                                    (binary_operator [35, 16] - [35, 17])
                                    (identifier [35, 17] - [35, 18])))))
                            (binary_operator [35, 20] - [35, 21])
                            (literal [35, 22] - [35, 23])))
                        (binary_operator [35, 24] - [35, 25])
                        (identifier [35, 26] - [35, 27])))
                    (comma_separated_expressions [35, 28] - [35, 30]
                      (identifier [35, 28] - [35, 30])))
                  (binary_operator [35, 32] - [35, 33])
                  (identifier [35, 34] - [35, 35])))
              (comma_separated_expressions [35, 36] - [35, 40]
                (identifier [35, 36] - [35, 38])
                (identifier [35, 39] - [35, 40])))
            (binary_operator [35, 41] - [35, 42])
            (identifier [35, 42] - [35, 43])))
        (comma_separated_expressions [35, 44] - [35, 48]
          (identifier [35, 44] - [35, 46])
          (identifier [35, 47] - [35, 48])))))
  (text_token [36, 1] - [36, 6])
  (parse_token [36, 6] - [38, 1]
    (block_parse_token [36, 6] - [38, 1]
      expression: (call [37, 2] - [37, 67]
        (operation [37, 2] - [37, 61]
          (binary_operation [37, 2] - [37, 61]
            (call [37, 2] - [37, 58]
              (operation [37, 2] - [37, 52]
                (binary_operation [37, 2] - [37, 52]
                  (operation [37, 2] - [37, 49]
                    (binary_operation [37, 2] - [37, 49]
                      (call [37, 2] - [37, 45]
                        (operation [37, 2] - [37, 41]
                          (binary_operation [37, 2] - [37, 41]
                            (call [37, 2] - [37, 38]
                              (operation [37, 2] - [37, 32]
                                (binary_operation [37, 2] - [37, 32]
                                  (call [37, 2] - [37, 27]
                                    (operation [37, 2] - [37, 23]
                                      (binary_operation [37, 2] - [37, 23]
                                        (call [37, 2] - [37, 20]
                                          (operation [37, 2] - [37, 14]
                                            (binary_operation [37, 2] - [37, 14]
                                              (call [37, 2] - [37, 9]
                                                (identifier [37, 2] - [37, 3])
                                                (comma_separated_expressions [37, 4] - [37, 8]
                                                  (identifier [37, 4] - [37, 6])
                                                  (identifier [37, 7] - [37, 8])))
                                              (binary_operator [37, 10] - [37, 11])
                                              (identifier [37, 12] - [37, 14])))
                                          (comma_separated_expressions [37, 15] - [37, 19]
                                            (operation [37, 15] - [37, 19]
                                              (binary_operation [37, 15] - [37, 19]
                                                (identifier [37, 15] - [37, 17])
                                                (binary_operator [37, 17] - [37, 18])
                                                (identifier [37, 18] - [37, 19])))))
                                        (binary_operator [37, 20] - [37, 21])
                                        (identifier [37, 21] - [37, 23])))
                                    (comma_separated_expressions [37, 24] - [37, 26]
                                      (identifier [37, 24] - [37, 26])))
                                  (binary_operator [37, 28] - [37, 29])
                                  (identifier [37, 30] - [37, 32])))
                              (comma_separated_expressions [37, 33] - [37, 37]
                                (operation [37, 33] - [37, 37]
                                  (binary_operation [37, 33] - [37, 37]
                                    (identifier [37, 33] - [37, 35])
                                    (binary_operator [37, 35] - [37, 36])
                                    (identifier [37, 36] - [37, 37])))))
                            (binary_operator [37, 38] - [37, 39])
                            (identifier [37, 39] - [37, 41])))
                        (comma_separated_expressions [37, 42] - [37, 44]
                          (identifier [37, 42] - [37, 44])))
                      (binary_operator [37, 46] - [37, 47])
                      (literal [37, 48] - [37, 49])))
                  (binary_operator [37, 49] - [37, 50])
                  (identifier [37, 50] - [37, 52])))
              (comma_separated_expressions [37, 53] - [37, 57]
                (operation [37, 53] - [37, 57]
                  (binary_operation [37, 53] - [37, 57]
                    (identifier [37, 53] - [37, 55])
                    (binary_operator [37, 55] - [37, 56])
                    (identifier [37, 56] - [37, 57])))))
            (binary_operator [37, 58] - [37, 59])
            (identifier [37, 59] - [37, 61])))
        (comma_separated_expressions [37, 62] - [37, 66]
          (operation [37, 62] - [37, 66]
            (binary_operation [37, 62] - [37, 66]
              (identifier [37, 62] - [37, 64])
              (binary_operator [37, 64] - [37, 65])
              (identifier [37, 65] - [37, 66])))))))
  (text_token [38, 1] - [38, 6])
  (parse_token [38, 6] - [40, 1]
    (block_parse_token [38, 6] - [40, 1]
      expression: (operation [39, 2] - [39, 40]
        (binary_operation [39, 2] - [39, 40]
          (call [39, 2] - [39, 36]
            (operation [39, 2] - [39, 32]
              (binary_operation [39, 2] - [39, 32]
                (call [39, 2] - [39, 29]
                  (operation [39, 2] - [39, 23]
                    (binary_operation [39, 2] - [39, 23]
                      (call [39, 2] - [39, 20]
                        (operation [39, 2] - [39, 14]
                          (binary_operation [39, 2] - [39, 14]
                            (call [39, 2] - [39, 9]
                              (identifier [39, 2] - [39, 3])
                              (comma_separated_expressions [39, 4] - [39, 8]
                                (identifier [39, 4] - [39, 6])
                                (identifier [39, 7] - [39, 8])))
                            (binary_operator [39, 10] - [39, 11])
                            (identifier [39, 12] - [39, 14])))
                        (comma_separated_expressions [39, 15] - [39, 19]
                          (operation [39, 15] - [39, 19]
                            (binary_operation [39, 15] - [39, 19]
                              (identifier [39, 15] - [39, 17])
                              (binary_operator [39, 17] - [39, 18])
                              (identifier [39, 18] - [39, 19])))))
                      (binary_operator [39, 20] - [39, 21])
                      (identifier [39, 21] - [39, 23])))
                  (comma_separated_expressions [39, 24] - [39, 28]
                    (operation [39, 24] - [39, 28]
                      (binary_operation [39, 24] - [39, 28]
                        (identifier [39, 24] - [39, 26])
                        (binary_operator [39, 26] - [39, 27])
                        (identifier [39, 27] - [39, 28])))))
                (binary_operator [39, 29] - [39, 30])
                (identifier [39, 30] - [39, 32])))
            (comma_separated_expressions [39, 33] - [39, 35]
              (identifier [39, 33] - [39, 35])))
          (binary_operator [39, 37] - [39, 38])
          (literal [39, 39] - [39, 40])))))
  (text_token [40, 1] - [40, 25])
  (parse_token [40, 25] - [40, 47]
    (inline_parse_token [40, 25] - [40, 47]
      expression: (call [40, 26] - [40, 46]
        (operation [40, 26] - [40, 41]
          (binary_operation [40, 26] - [40, 41]
            (operation [40, 26] - [40, 37]
              (binary_operation [40, 26] - [40, 37]
                (call [40, 26] - [40, 32]
                  (identifier [40, 26] - [40, 28])
                  (comma_separated_expressions [40, 29] - [40, 31]
                    (identifier [40, 29] - [40, 31])))
                (binary_operator [40, 33] - [40, 35])
                (literal [40, 36] - [40, 37])))
            (binary_operator [40, 37] - [40, 38])
            (identifier [40, 38] - [40, 41])))
        (comma_separated_expressions [40, 42] - [40, 45]
          (operation [40, 42] - [40, 45]
            (unary_operation [40, 42] - [40, 45]
              (unary_operator [40, 42] - [40, 43])
              (identifier [40, 43] - [40, 45])))))))
  (text_token [40, 47] - [40, 62])
  (parse_token [40, 62] - [42, 1]
    (block_parse_token [40, 62] - [42, 1]
      expression: (call [41, 2] - [41, 31]
        (operation [41, 2] - [41, 27]
          (binary_operation [41, 2] - [41, 27]
            (operation [41, 2] - [41, 23]
              (binary_operation [41, 2] - [41, 23]
                (call [41, 2] - [41, 19]
                  (operation [41, 2] - [41, 13]
                    (binary_operation [41, 2] - [41, 13]
                      (call [41, 2] - [41, 9]
                        (identifier [41, 2] - [41, 3])
                        (comma_separated_expressions [41, 4] - [41, 8]
                          (operation [41, 4] - [41, 8]
                            (binary_operation [41, 4] - [41, 8]
                              (identifier [41, 4] - [41, 6])
                              (binary_operator [41, 6] - [41, 7])
                              (identifier [41, 7] - [41, 8])))))
                      (binary_operator [41, 10] - [41, 11])
                      (identifier [41, 12] - [41, 13])))
                  (comma_separated_expressions [41, 14] - [41, 18]
                    (operation [41, 14] - [41, 18]
                      (binary_operation [41, 14] - [41, 18]
                        (identifier [41, 14] - [41, 16])
                        (binary_operator [41, 16] - [41, 17])
                        (identifier [41, 17] - [41, 18])))))
                (binary_operator [41, 20] - [41, 21])
                (literal [41, 22] - [41, 23])))
            (binary_operator [41, 24] - [41, 25])
            (identifier [41, 26] - [41, 27])))
        (comma_separated_expressions [41, 28] - [41, 30]
          (identifier [41, 28] - [41, 30])))))
  (text_token [42, 1] - [42, 47])
  (parse_token [42, 47] - [42, 60]
    (inline_parse_token [42, 47] - [42, 60]
      expression: (operation [42, 48] - [42, 59]
        (binary_operation [42, 48] - [42, 59]
          (call [42, 48] - [42, 55]
            (identifier [42, 48] - [42, 49])
            (comma_separated_expressions [42, 50] - [42, 54]
              (identifier [42, 50] - [42, 52])
              (identifier [42, 53] - [42, 54])))
          (binary_operator [42, 56] - [42, 57])
          (literal [42, 58] - [42, 59])))))
  (text_token [42, 60] - [43, 14])
  (parse_token [43, 14] - [43, 23]
    (inline_parse_token [43, 14] - [43, 23]
      expression: (call [43, 15] - [43, 22]
        (identifier [43, 15] - [43, 16])
        (comma_separated_expressions [43, 17] - [43, 21]
          (identifier [43, 17] - [43, 19])
          (identifier [43, 20] - [43, 21])))))
  (text_token [43, 23] - [43, 31])
  (parse_token [43, 31] - [51, 1]
    (block_parse_token [43, 31] - [51, 1]
      expression: (call [44, 2] - [50, 18]
        (operation [44, 2] - [50, 9]
          (binary_operation [44, 2] - [50, 9]
            (call [44, 2] - [49, 22]
              (operation [44, 2] - [49, 9]
                (binary_operation [44, 2] - [49, 9]
                  (call [44, 2] - [48, 16]
                    (operation [44, 2] - [48, 9]
                      (binary_operation [44, 2] - [48, 9]
                        (call [44, 2] - [47, 22]
                          (operation [44, 2] - [47, 9]
                            (binary_operation [44, 2] - [47, 9]
                              (call [44, 2] - [46, 20]
                                (operation [44, 2] - [46, 13]
                                  (binary_operation [44, 2] - [46, 13]
                                    (operation [44, 2] - [46, 7]
                                      (binary_operation [44, 2] - [46, 7]
                                        (call [44, 2] - [45, 18]
                                          (operation [44, 2] - [45, 13]
                                            (binary_operation [44, 2] - [45, 13]
                                              (operation [44, 2] - [45, 7]
                                                (binary_operation [44, 2] - [45, 7]
                                                  (call [44, 2] - [44, 9]
                                                    (identifier [44, 2] - [44, 3])
                                                    (comma_separated_expressions [44, 4] - [44, 8]
                                                      (identifier [44, 4] - [44, 6])
                                                      (identifier [44, 7] - [44, 8])))
                                                  (binary_operator [44, 10] - [44, 11])
                                                  (operation [45, 4] - [45, 7]
                                                    (unary_operation [45, 4] - [45, 7]
                                                      (unary_operator [45, 4] - [45, 5])
                                                      (literal [45, 6] - [45, 7])))))
                                              (binary_operator [45, 8] - [45, 9])
                                              (identifier [45, 10] - [45, 13])))
                                          (comma_separated_expressions [45, 14] - [45, 17]
                                            (operation [45, 14] - [45, 17]
                                              (unary_operation [45, 14] - [45, 17]
                                                (unary_operator [45, 14] - [45, 15])
                                                (identifier [45, 15] - [45, 17])))))
                                        (binary_operator [46, 4] - [46, 5])
                                        (literal [46, 6] - [46, 7])))
                                    (binary_operator [46, 8] - [46, 9])
                                    (identifier [46, 10] - [46, 13])))
                                (comma_separated_expressions [46, 14] - [46, 19]
                                  (operation [46, 14] - [46, 19]
                                    (binary_operation [46, 14] - [46, 19]
                                      (operation [46, 14] - [46, 16]
                                        (unary_operation [46, 14] - [46, 16]
                                          (unary_operator [46, 14] - [46, 15])
                                          (literal [46, 15] - [46, 16])))
                                      (binary_operator [46, 16] - [46, 17])
                                      (identifier [46, 17] - [46, 19])))))
                              (binary_operator [47, 4] - [47, 5])
                              (identifier [47, 6] - [47, 9])))
                          (comma_separated_expressions [47, 10] - [47, 21]
                            (operation [47, 10] - [47, 21]
                              (binary_operation [47, 10] - [47, 21]
                                (operation [47, 10] - [47, 17]
                                  (binary_operation [47, 10] - [47, 17]
                                    (operation [47, 10] - [47, 12]
                                      (unary_operation [47, 10] - [47, 12]
                                        (unary_operator [47, 10] - [47, 11])
                                        (literal [47, 11] - [47, 12])))
                                    (binary_operator [47, 13] - [47, 14])
                                    (identifier [47, 15] - [47, 17])))
                                (binary_operator [47, 18] - [47, 19])
                                (identifier [47, 20] - [47, 21])))))
                        (binary_operator [48, 4] - [48, 5])
                        (identifier [48, 6] - [48, 9])))
                    (comma_separated_expressions [48, 10] - [48, 15]
                      (operation [48, 10] - [48, 15]
                        (binary_operation [48, 10] - [48, 15]
                          (operation [48, 10] - [48, 13]
                            (unary_operation [48, 10] - [48, 13]
                              (unary_operator [48, 10] - [48, 11])
                              (identifier [48, 11] - [48, 13])))
                          (binary_operator [48, 13] - [48, 14])
                          (identifier [48, 14] - [48, 15])))))
                  (binary_operator [49, 4] - [49, 5])
                  (identifier [49, 6] - [49, 9])))
              (comma_separated_expressions [49, 10] - [49, 21]
                (operation [49, 10] - [49, 21]
                  (binary_operation [49, 10] - [49, 21]
                    (operation [49, 10] - [49, 17]
                      (binary_operation [49, 10] - [49, 17]
                        (operation [49, 10] - [49, 12]
                          (unary_operation [49, 10] - [49, 12]
                            (unary_operator [49, 10] - [49, 11])
                            (literal [49, 11] - [49, 12])))
                        (binary_operator [49, 13] - [49, 14])
                        (identifier [49, 15] - [49, 17])))
                    (binary_operator [49, 18] - [49, 19])
                    (identifier [49, 20] - [49, 21])))))
            (binary_operator [50, 4] - [50, 5])
            (identifier [50, 6] - [50, 9])))
        (comma_separated_expressions [50, 10] - [50, 17]
          (operation [50, 10] - [50, 17]
            (binary_operation [50, 10] - [50, 17]
              (operation [50, 10] - [50, 13]
                (unary_operation [50, 10] - [50, 13]
                  (unary_operator [50, 10] - [50, 11])
                  (identifier [50, 11] - [50, 13])))
              (binary_operator [50, 14] - [50, 15])
              (identifier [50, 16] - [50, 17])))))
      (punctuation [50, 18] - [50, 19])))
  (text_token [51, 1] - [51, 5])
  (parse_token [51, 5] - [51, 18]
    (inline_parse_token [51, 5] - [51, 18]
      expression: (operation [51, 6] - [51, 17]
        (binary_operation [51, 6] - [51, 17]
          (call [51, 6] - [51, 13]
            (identifier [51, 6] - [51, 9])
            (comma_separated_expressions [51, 10] - [51, 12]
              (identifier [51, 10] - [51, 12])))
          (binary_operator [51, 14] - [51, 15])
          (literal [51, 16] - [51, 17])))))
  (text_token [51, 18] - [51, 50])
  (parse_token [51, 50] - [53, 1]
    (block_parse_token [51, 50] - [53, 1]
      expression: (operation [52, 2] - [52, 14]
        (binary_operation [52, 2] - [52, 14]
          (call [52, 2] - [52, 9]
            (identifier [52, 2] - [52, 3])
            (comma_separated_expressions [52, 4] - [52, 8]
              (identifier [52, 4] - [52, 6])
              (identifier [52, 7] - [52, 8])))
          (binary_operator [52, 10] - [52, 12])
          (literal [52, 13] - [52, 14])))))
  (text_token [53, 1] - [53, 6])
  (parse_token [53, 6] - [55, 1]
    (block_parse_token [53, 6] - [55, 1]
      expression: (operation [54, 2] - [54, 34]
        (binary_operation [54, 2] - [54, 34]
          (call [54, 2] - [54, 29]
            (operation [54, 2] - [54, 25]
              (binary_operation [54, 2] - [54, 25]
                (call [54, 2] - [54, 21]
                  (operation [54, 2] - [54, 15]
                    (binary_operation [54, 2] - [54, 15]
                      (call [54, 2] - [54, 10]
                        (identifier [54, 2] - [54, 4])
                        (comma_separated_expressions [54, 5] - [54, 9]
                          (identifier [54, 5] - [54, 7])
                          (identifier [54, 8] - [54, 9])))
                      (binary_operator [54, 11] - [54, 13])
                      (identifier [54, 14] - [54, 15])))
                  (comma_separated_expressions [54, 16] - [54, 20]
                    (identifier [54, 16] - [54, 18])
                    (identifier [54, 19] - [54, 20])))
                (binary_operator [54, 21] - [54, 22])
                (identifier [54, 22] - [54, 25])))
            (comma_separated_expressions [54, 26] - [54, 28]
              (identifier [54, 26] - [54, 28])))
          (binary_operator [54, 30] - [54, 32])
          (literal [54, 33] - [54, 34])))
      (punctuation [54, 34] - [54, 35])))
  (text_token [55, 1] - [55, 9])
  (parse_token [55, 9] - [63, 1]
    (block_parse_token [55, 9] - [63, 1]
      expression: (call [56, 2] - [62, 13]
        (operation [56, 2] - [62, 9]
          (binary_operation [56, 2] - [62, 9]
            (call [56, 2] - [61, 18]
              (operation [56, 2] - [61, 9]
                (binary_operation [56, 2] - [61, 9]
                  (call [56, 2] - [60, 12]
                    (operation [56, 2] - [60, 9]
                      (binary_operation [56, 2] - [60, 9]
                        (call [56, 2] - [59, 16]
                          (operation [56, 2] - [59, 9]
                            (binary_operation [56, 2] - [59, 9]
                              (call [56, 2] - [58, 18]
                                (operation [56, 2] - [58, 13]
                                  (binary_operation [56, 2] - [58, 13]
                                    (operation [56, 2] - [58, 7]
                                      (binary_operation [56, 2] - [58, 7]
                                        (operation [56, 2] - [57, 5]
                                          (binary_operation [56, 2] - [57, 5]
                                            (call [56, 2] - [56, 11]
                                              (identifier [56, 2] - [56, 4])
                                              (comma_separated_expressions [56, 5] - [56, 10]
                                                (identifier [56, 5] - [56, 7])
                                                (identifier [56, 9] - [56, 10])))
                                            (binary_operator [56, 12] - [56, 13])
                                            (literal [57, 4] - [57, 5])))
                                        (binary_operator [58, 4] - [58, 5])
                                        (literal [58, 6] - [58, 7])))
                                    (binary_operator [58, 8] - [58, 9])
                                    (identifier [58, 10] - [58, 13])))
                                (comma_separated_expressions [58, 14] - [58, 17]
                                  (operation [58, 14] - [58, 17]
                                    (unary_operation [58, 14] - [58, 17]
                                      (unary_operator [58, 14] - [58, 15])
                                      (identifier [58, 15] - [58, 17])))))
                              (binary_operator [59, 4] - [59, 5])
                              (identifier [59, 6] - [59, 9])))
                          (comma_separated_expressions [59, 10] - [59, 15]
                            (operation [59, 10] - [59, 15]
                              (binary_operation [59, 10] - [59, 15]
                                (operation [59, 10] - [59, 13]
                                  (unary_operation [59, 10] - [59, 13]
                                    (unary_operator [59, 10] - [59, 11])
                                    (identifier [59, 11] - [59, 13])))
                                (binary_operator [59, 13] - [59, 14])
                                (identifier [59, 14] - [59, 15])))))
                        (binary_operator [60, 4] - [60, 5])
                        (identifier [60, 6] - [60, 9])))
                    (comma_separated_expressions [60, 10] - [60, 11]
                      (identifier [60, 10] - [60, 11])))
                  (binary_operator [61, 4] - [61, 5])
                  (identifier [61, 6] - [61, 9])))
              (comma_separated_expressions [61, 10] - [61, 17]
                (operation [61, 10] - [61, 17]
                  (binary_operation [61, 10] - [61, 17]
                    (operation [61, 10] - [61, 13]
                      (unary_operation [61, 10] - [61, 13]
                        (unary_operator [61, 10] - [61, 11])
                        (identifier [61, 11] - [61, 13])))
                    (binary_operator [61, 14] - [61, 15])
                    (identifier [61, 16] - [61, 17])))))
            (binary_operator [62, 4] - [62, 5])
            (identifier [62, 6] - [62, 9])))
        (comma_separated_expressions [62, 10] - [62, 12]
          (operation [62, 10] - [62, 12]
            (unary_operation [62, 10] - [62, 12]
              (unary_operator [62, 10] - [62, 11])
              (identifier [62, 11] - [62, 12])))))
      (punctuation [62, 13] - [62, 14])))
  (text_token [63, 1] - [63, 34])
  (parse_token [63, 34] - [63, 47]
    (inline_parse_token [63, 34] - [63, 47]
      expression: (operation [63, 35] - [63, 46]
        (binary_operation [63, 35] - [63, 46]
          (call [63, 35] - [63, 42]
            (identifier [63, 35] - [63, 37])
            (comma_separated_expressions [63, 38] - [63, 41]
              (literal [63, 38] - [63, 39])
              (identifier [63, 40] - [63, 41])))
          (binary_operator [63, 43] - [63, 44])
          (literal [63, 45] - [63, 46])))))
  (text_token [63, 47] - [63, 76])
  (parse_token [63, 76] - [71, 1]
    (block_parse_token [63, 76] - [71, 1]
      expression: (operation [64, 2] - [70, 5]
        (binary_operation [64, 2] - [70, 5]
          (call [64, 2] - [68, 12]
            (operation [64, 2] - [68, 7]
              (binary_operation [64, 2] - [68, 7]
                (call [64, 2] - [67, 18]
                  (operation [64, 2] - [67, 9]
                    (binary_operation [64, 2] - [67, 9]
                      (call [64, 2] - [66, 18]
                        (operation [64, 2] - [66, 9]
                          (binary_operation [64, 2] - [66, 9]
                            (call [64, 2] - [65, 18]
                              (operation [64, 2] - [65, 13]
                                (binary_operation [64, 2] - [65, 13]
                                  (operation [64, 2] - [65, 7]
                                    (binary_operation [64, 2] - [65, 7]
                                      (call [64, 2] - [64, 15]
                                        (operation [64, 2] - [64, 9]
                                          (binary_operation [64, 2] - [64, 9]
                                            (identifier [64, 2] - [64, 5])
                                            (binary_operator [64, 5] - [64, 6])
                                            (identifier [64, 6] - [64, 9])))
                                        (comma_separated_expressions [64, 10] - [64, 14]
                                          (identifier [64, 10] - [64, 12])
                                          (identifier [64, 13] - [64, 14])))
                                      (binary_operator [64, 16] - [64, 17])
                                      (operation [65, 4] - [65, 7]
                                        (unary_operation [65, 4] - [65, 7]
                                          (unary_operator [65, 4] - [65, 5])
                                          (literal [65, 6] - [65, 7])))))
                                  (binary_operator [65, 8] - [65, 9])
                                  (identifier [65, 10] - [65, 13])))
                              (comma_separated_expressions [65, 14] - [65, 17]
                                (operation [65, 14] - [65, 17]
                                  (unary_operation [65, 14] - [65, 17]
                                    (unary_operator [65, 14] - [65, 15])
                                    (identifier [65, 15] - [65, 17])))))
                            (binary_operator [66, 4] - [66, 5])
                            (identifier [66, 6] - [66, 9])))
                        (comma_separated_expressions [66, 10] - [66, 17]
                          (operation [66, 10] - [66, 17]
                            (binary_operation [66, 10] - [66, 17]
                              (operation [66, 10] - [66, 13]
                                (unary_operation [66, 10] - [66, 13]
                                  (unary_operator [66, 10] - [66, 11])
                                  (identifier [66, 11] - [66, 13])))
                              (binary_operator [66, 14] - [66, 15])
                              (identifier [66, 16] - [66, 17])))))
                      (binary_operator [67, 4] - [67, 5])
                      (identifier [67, 6] - [67, 9])))
                  (comma_separated_expressions [67, 10] - [67, 17]
                    (operation [67, 10] - [67, 17]
                      (binary_operation [67, 10] - [67, 17]
                        (operation [67, 10] - [67, 13]
                          (unary_operation [67, 10] - [67, 13]
                            (unary_operator [67, 10] - [67, 11])
                            (identifier [67, 11] - [67, 13])))
                        (binary_operator [67, 14] - [67, 15])
                        (identifier [67, 16] - [67, 17])))))
                (binary_operator [67, 19] - [67, 20])
                (identifier [68, 4] - [68, 7])))
            (comma_separated_expressions [68, 8] - [68, 11]
              (operation [68, 8] - [68, 11]
                (unary_operation [68, 8] - [68, 11]
                  (unary_operator [68, 8] - [68, 9])
                  (identifier [68, 9] - [68, 11])))))
          (binary_operator [68, 13] - [68, 14])
          (parenthesised_expression [68, 15] - [70, 5]
            (call [69, 6] - [69, 27]
              (operation [69, 6] - [69, 23]
                (binary_operation [69, 6] - [69, 23]
                  (call [69, 6] - [69, 17]
                    (operation [69, 6] - [69, 13]
                      (binary_operation [69, 6] - [69, 13]
                        (literal [69, 6] - [69, 7])
                        (binary_operator [69, 8] - [69, 9])
                        (identifier [69, 10] - [69, 13])))
                    (comma_separated_expressions [69, 14] - [69, 16]
                      (operation [69, 14] - [69, 16]
                        (unary_operation [69, 14] - [69, 16]
                          (unary_operator [69, 14] - [69, 15])
                          (identifier [69, 15] - [69, 16])))))
                  (binary_operator [69, 18] - [69, 19])
                  (identifier [69, 20] - [69, 23])))
              (comma_separated_expressions [69, 24] - [69, 26]
                (operation [69, 24] - [69, 26]
                  (unary_operation [69, 24] - [69, 26]
                    (unary_operator [69, 24] - [69, 25])
                    (identifier [69, 25] - [69, 26]))))))))
      (punctuation [70, 5] - [70, 6])))
  (text_token [71, 1] - [72, 28])
  (parse_token [72, 28] - [74, 1]
    (block_parse_token [72, 28] - [74, 1]
      expression: (operation [73, 2] - [73, 20]
        (binary_operation [73, 2] - [73, 20]
          (call [73, 2] - [73, 15]
            (operation [73, 2] - [73, 9]
              (binary_operation [73, 2] - [73, 9]
                (identifier [73, 2] - [73, 5])
                (binary_operator [73, 5] - [73, 6])
                (identifier [73, 6] - [73, 9])))
            (comma_separated_expressions [73, 10] - [73, 14]
              (identifier [73, 10] - [73, 12])
              (identifier [73, 13] - [73, 14])))
          (binary_operator [73, 16] - [73, 18])
          (literal [73, 19] - [73, 20])))))
  (text_token [74, 1] - [74, 38])
  (parse_token [74, 38] - [74, 46]
    (inline_parse_token [74, 38] - [74, 46]
      expression: (operation [74, 39] - [74, 45]
        (binary_operation [74, 39] - [74, 45]
          (identifier [74, 39] - [74, 40])
          (binary_operator [74, 41] - [74, 43])
          (literal [74, 44] - [74, 45])))))
  (text_token [74, 46] - [75, 13])
  (parse_token [75, 13] - [77, 1]
    (block_parse_token [75, 13] - [77, 1]
      expression: (call [76, 2] - [76, 57]
        (operation [76, 2] - [76, 31]
          (binary_operation [76, 2] - [76, 31]
            (call [76, 2] - [76, 20]
              (operation [76, 2] - [76, 15]
                (binary_operation [76, 2] - [76, 15]
                  (call [76, 2] - [76, 10]
                    (identifier [76, 2] - [76, 4])
                    (comma_separated_expressions [76, 5] - [76, 9]
                      (identifier [76, 5] - [76, 7])
                      (identifier [76, 8] - [76, 9])))
                  (binary_operator [76, 11] - [76, 12])
                  (identifier [76, 13] - [76, 15])))
              (comma_separated_expressions [76, 16] - [76, 19]
                (literal [76, 16] - [76, 17])
                (identifier [76, 18] - [76, 19])))
            (binary_operator [76, 21] - [76, 22])
            (identifier [76, 23] - [76, 31])))
        (comma_separated_expressions [76, 32] - [76, 56]
          (call [76, 32] - [76, 44]
            (operation [76, 32] - [76, 39]
              (binary_operation [76, 32] - [76, 39]
                (identifier [76, 32] - [76, 35])
                (binary_operator [76, 35] - [76, 36])
                (identifier [76, 36] - [76, 39])))
            (comma_separated_expressions [76, 40] - [76, 43]
              (identifier [76, 40] - [76, 41])
              (identifier [76, 42] - [76, 43])))
          (identifier [76, 46] - [76, 47])
          (container [76, 49] - [76, 56]
            (tuple [76, 49] - [76, 56]
              (literal [76, 50] - [76, 51])
              (identifier [76, 53] - [76, 55])))))))
  (text_token [77, 1] - [78, 2])
  (parse_token [78, 2] - [78, 21]
    (inline_parse_token [78, 2] - [78, 21]
      expression: (operation [78, 3] - [78, 20]
        (binary_operation [78, 3] - [78, 20]
          (call [78, 3] - [78, 15]
            (operation [78, 3] - [78, 10]
              (binary_operation [78, 3] - [78, 10]
                (identifier [78, 3] - [78, 6])
                (binary_operator [78, 6] - [78, 7])
                (identifier [78, 7] - [78, 10])))
            (comma_separated_expressions [78, 11] - [78, 14]
              (identifier [78, 11] - [78, 12])
              (identifier [78, 13] - [78, 14])))
          (binary_operator [78, 16] - [78, 18])
          (literal [78, 19] - [78, 20])))))
  (text_token [78, 21] - [79, 2])
  (parse_token [79, 2] - [79, 15]
    (inline_parse_token [79, 2] - [79, 15]
      expression: (operation [79, 3] - [79, 14]
        (binary_operation [79, 3] - [79, 14]
          (call [79, 3] - [79, 10]
            (identifier [79, 3] - [79, 5])
            (comma_separated_expressions [79, 6] - [79, 9]
              (literal [79, 6] - [79, 7])
              (identifier [79, 8] - [79, 9])))
          (binary_operator [79, 11] - [79, 12])
          (literal [79, 13] - [79, 14])))))
  (text_token [79, 15] - [80, 2])
  (parse_token [80, 2] - [80, 10]
    (inline_parse_token [80, 2] - [80, 10]
      expression: (operation [80, 3] - [80, 9]
        (binary_operation [80, 3] - [80, 9]
          (identifier [80, 3] - [80, 5])
          (binary_operator [80, 6] - [80, 7])
          (literal [80, 8] - [80, 9])))))
  (text_token [80, 10] - [81, 13])
  (parse_token [81, 13] - [83, 1]
    (block_parse_token [81, 13] - [83, 1]
      expression: (operation [82, 2] - [82, 43]
        (binary_operation [82, 2] - [82, 43]
          (call [82, 2] - [82, 39]
            (operation [82, 2] - [82, 32]
              (binary_operation [82, 2] - [82, 32]
                (operation [82, 2] - [82, 26]
                  (binary_operation [82, 2] - [82, 26]
                    (call [82, 2] - [82, 21]
                      (operation [82, 2] - [82, 16]
                        (binary_operation [82, 2] - [82, 16]
                          (call [82, 2] - [82, 11]
                            (identifier [82, 2] - [82, 4])
                            (comma_separated_expressions [82, 5] - [82, 10]
                              (identifier [82, 5] - [82, 7])
                              (identifier [82, 9] - [82, 10])))
                          (binary_operator [82, 12] - [82, 13])
                          (identifier [82, 14] - [82, 16])))
                      (comma_separated_expressions [82, 17] - [82, 20]
                        (literal [82, 17] - [82, 18])
                        (identifier [82, 19] - [82, 20])))
                    (binary_operator [82, 22] - [82, 23])
                    (identifier [82, 24] - [82, 26])))
                (binary_operator [82, 27] - [82, 28])
                (identifier [82, 29] - [82, 32])))
            (comma_separated_expressions [82, 33] - [82, 38]
              (identifier [82, 33] - [82, 35])
              (identifier [82, 37] - [82, 38])))
          (binary_operator [82, 40] - [82, 41])
          (literal [82, 42] - [82, 43])))))
  (text_token [83, 1] - [83, 11])
  (parse_token [83, 11] - [83, 27]
    (inline_parse_token [83, 11] - [83, 27]
      expression: (operation [83, 12] - [83, 26]
        (binary_operation [83, 12] - [83, 26]
          (call [83, 12] - [83, 22]
            (identifier [83, 12] - [83, 15])
            (comma_separated_expressions [83, 16] - [83, 21]
              (identifier [83, 16] - [83, 18])
              (identifier [83, 20] - [83, 21])))
          (binary_operator [83, 23] - [83, 24])
          (literal [83, 25] - [83, 26])))))
  (text_token [83, 27] - [84, 0]))
